Delft Ada- compiler (c) Delft University of Technology 1987/88
Compiling file system.ada
 lock not succesfull
Delft Ada- compiler (c) Delft University of Technology 1987/88
Compiling file c_lib.ada
 lock not succesfull
Delft Ada- compiler (c) Delft University of Technology 1987/88
Compiling file unix.ada
 lock not succesfull
Delft Ada- compiler (c) Delft University of Technology 1987/88
Compiling file calendar.ada
 lock not succesfull
Delft Ada- compiler (c) Delft University of Technology 1987/88
Compiling file io_except.ada
 lock not succesfull
Delft Ada- compiler (c) Delft University of Technology 1987/88
Compiling file text_io.ada
 lock not succesfull
Delft Ada- compiler (c) Delft University of Technology 1987/88
Compiling file enumerat.ada
 lock not succesfull
Delft Ada- compiler (c) Delft University of Technology 1987/88
Compiling file integer_io.ada
 lock not succesfull
