ac -g system.ada
Delft Ada- compiler (c) Delft University of Technology 1987/88
Compiling file system.ada
ac -g c_lib.ada
Delft Ada- compiler (c) Delft University of Technology 1987/88
Compiling file c_lib.ada
ac -g unix.ada
Delft Ada- compiler (c) Delft University of Technology 1987/88
Compiling file unix.ada
ac -g calendar.ada
CREATING /das1/ada/src/new/text_io/library/adaobjects/.su00033
Delft Ada- compiler (c) Delft University of Technology 1987/88
Compiling file calendar.ada
*** compiling unit CALENDAR (kind = package body) line = 50
ac -g io_except.ada
Delft Ada- compiler (c) Delft University of Technology 1987/88
Compiling file io_except.ada
ac -g text_io.ada
CREATING /das1/ada/src/new/text_io/library/adaobjects/.su00040
Delft Ada- compiler (c) Delft University of Technology 1987/88
Compiling file text_io.ada
*** compiling unit TEXT_IO (kind = package body) line = 158
ac -g enumerat.ada
CREATING /das1/ada/src/new/text_io/library/adaobjects/.su00097
Delft Ada- compiler (c) Delft University of Technology 1987/88
Compiling file enumerat.ada
*** compiling unit   (kind = generic compilation unit) line = 3
*** compiling unit ENUMERATION_IO (kind = generic package) line = 5
*** compiling unit ENUMERATION_IO (kind = package body) line = 27
ac -g integer_io.ada
error line 62: cannot find END_OF

warning line 111: declaration in INTEGER_IO or its specification incomplete
Delft Ada- compiler (c) Delft University of Technology 1987/88
Compiling file integer_io.ada
*** compiling unit   (kind = generic compilation unit) line = 2
*** compiling unit INTEGER_IO (kind = generic package) line = 4
*** compiling unit INTEGER_IO (kind = package body) line = 28
