# compilation of ../text_io/system.ada not necessary
# compilation of ../text_io/c_lib.ada not necessary
# compilation of ../text_io/unix.ada not necessary
# compilation of ../text_io/calendar.ada not necessary
# compilation of ../text_io/io_except.ada not necessary
# compilation of ../text_io/text_io.ada not necessary
# compilation of ../text_io/enumerat.ada not necessary
# compilation of ../text_io/integer_io.ada not necessary
# compilation of settypes.ada not necessary
# compilation of io_hulp.ada not necessary
ac -g car.ada
In read_tree, looking for TEXT_IO (1)
In read_tree, looking for IO_EXCEPTIONS (1)
Reading trees: read 2 IO_EXCEPTIONS
In read_tree, looking for UNIX (1)
Reading trees: read 2 UNIX
Reading trees: read 2 TEXT_IO
In read_tree, looking for INTEGER_IO (1)
Reading trees: read 13 INTEGER_IO
In read_tree, looking for INTEGER_IO (2)
Reading trees: read 4 INTEGER_IO
In read_tree, looking for ENUMERATION_IO (1)
Reading trees: read 13 ENUMERATION_IO
In read_tree, looking for ENUMERATION_IO (2)
Reading trees: read 4 ENUMERATION_IO
In read_tree, looking for SETTYPES (1)
Reading trees: read 13 SETTYPES
In read_tree, looking for SETTYPES (2)
Reading trees: read 4 SETTYPES
/bin/as, file /das1/ada/src/new/text_io/librar, line 95: Invalid term
	.def *.2
	     ^
/bin/as, file /das1/ada/src/new/text_io/librar, line 95: warning: Invalid operand
/bin/as, file /das1/ada/src/new/text_io/librar, line 139: Invalid term
	.def +.3
	     ^
/bin/as, file /das1/ada/src/new/text_io/librar, line 139: warning: Invalid operand
/bin/as, file /das1/ada/src/new/text_io/librar, line 183: Invalid term
	.def +.4
	     ^
/bin/as, file /das1/ada/src/new/text_io/librar, line 183: warning: Invalid operand
/bin/as, file /das1/ada/src/new/text_io/librar, line 230: Invalid term
	.def +.5
	     ^
/bin/as, file /das1/ada/src/new/text_io/librar, line 230: warning: Invalid operand
/bin/as, file /das1/ada/src/new/text_io/librar, line 449: Invalid term
	.def <.9
	     ^
/bin/as, file /das1/ada/src/new/text_io/librar, line 449: warning: Invalid operand
In read_tree, looking for IO_HULP (1)
In read_tree, looking for TEXT_IO (1)
In read_tree, looking for IO_EXCEPTIONS (1)
Reading trees: read 2 IO_EXCEPTIONS
In read_tree, looking for UNIX (1)
Reading trees: read 2 UNIX
Reading trees: read 2 TEXT_IO
Reading trees: read 2 IO_HULP
In read_tree, looking for CAR (1)
In read_tree, looking for INTEGER_IO (1)
Reading trees: read 13 INTEGER_IO
In read_tree, looking for INTEGER_IO (2)
Reading trees: read 4 INTEGER_IO
In read_tree, looking for ENUMERATION_IO (1)
Reading trees: read 13 ENUMERATION_IO
In read_tree, looking for ENUMERATION_IO (2)
Reading trees: read 4 ENUMERATION_IO
In read_tree, looking for SETTYPES (1)
Reading trees: read 13 SETTYPES
In read_tree, looking for SETTYPES (2)
Reading trees: read 4 SETTYPES
Reading trees: read 2 CAR
CREATING /das1/ada/src/new/text_io/library/adaobjects/.su00070
Delft Ada- compiler (c) Delft University of Technology 1987/88
Compiling file car.ada
Using TEXT_IO
Using SNUF_INSTANT
Using TEXT_IO
*** compiling unit CAR (kind = package body) line = 118
Using SNUF_INSTANT
Using IO_HULP
ac -g dyn_car.ada
In read_tree, looking for TEXT_IO (1)
In read_tree, looking for IO_EXCEPTIONS (1)
Reading trees: read 2 IO_EXCEPTIONS
In read_tree, looking for UNIX (1)
Reading trees: read 2 UNIX
Reading trees: read 2 TEXT_IO
In read_tree, looking for CALENDAR (1)
In read_tree, looking for SYSTEM (1)
Reading trees: read 2 SYSTEM
Reading trees: read 2 CALENDAR
In read_tree, looking for CAR (1)
In read_tree, looking for INTEGER_IO (1)
Reading trees: read 13 INTEGER_IO
In read_tree, looking for INTEGER_IO (2)
Reading trees: read 4 INTEGER_IO
In read_tree, looking for ENUMERATION_IO (1)
Reading trees: read 13 ENUMERATION_IO
In read_tree, looking for ENUMERATION_IO (2)
Reading trees: read 4 ENUMERATION_IO
In read_tree, looking for SETTYPES (1)
Reading trees: read 13 SETTYPES
In read_tree, looking for SETTYPES (2)
Reading trees: read 4 SETTYPES
Reading trees: read 2 CAR
Delft Ada- compiler (c) Delft University of Technology 1987/88
Compiling file dyn_car.ada
Using TEXT_IO
Using CALENDAR
Using CAR
ac -g auto.ada
In read_tree, looking for CAR (1)
In read_tree, looking for TEXT_IO (1)
In read_tree, looking for IO_EXCEPTIONS (1)
Reading trees: read 2 IO_EXCEPTIONS
In read_tree, looking for UNIX (1)
Reading trees: read 2 UNIX
Reading trees: read 2 TEXT_IO
In read_tree, looking for INTEGER_IO (1)
Reading trees: read 13 INTEGER_IO
In read_tree, looking for INTEGER_IO (2)
Reading trees: read 4 INTEGER_IO
In read_tree, looking for ENUMERATION_IO (1)
Reading trees: read 13 ENUMERATION_IO
In read_tree, looking for ENUMERATION_IO (2)
Reading trees: read 4 ENUMERATION_IO
In read_tree, looking for SETTYPES (1)
Reading trees: read 13 SETTYPES
In read_tree, looking for SETTYPES (2)
Reading trees: read 4 SETTYPES
Reading trees: read 2 CAR
In read_tree, looking for DYN_CAR (1)
In read_tree, looking for CALENDAR (1)
In read_tree, looking for SYSTEM (1)
Reading trees: read 2 SYSTEM
Reading trees: read 2 CALENDAR
Reading trees: read 2 DYN_CAR
Delft Ada- compiler (c) Delft University of Technology 1987/88
Compiling file auto.ada
Using CAR
Using DYN_CAR
ac -g display.ada
In read_tree, looking for CALENDAR (1)
In read_tree, looking for SYSTEM (1)
Reading trees: read 2 SYSTEM
In read_tree, looking for UNIX (1)
Reading trees: read 2 UNIX
Reading trees: read 2 CALENDAR
In read_tree, looking for TEXT_IO (1)
In read_tree, looking for IO_EXCEPTIONS (1)
Reading trees: read 2 IO_EXCEPTIONS
Reading trees: read 2 TEXT_IO
In read_tree, looking for INTEGER_IO (1)
Reading trees: read 13 INTEGER_IO
In read_tree, looking for INTEGER_IO (2)
Reading trees: read 4 INTEGER_IO
In read_tree, looking for DYN_CAR (1)
In read_tree, looking for CAR (1)
In read_tree, looking for ENUMERATION_IO (1)
Reading trees: read 13 ENUMERATION_IO
In read_tree, looking for ENUMERATION_IO (2)
Reading trees: read 4 ENUMERATION_IO
In read_tree, looking for SETTYPES (1)
Reading trees: read 13 SETTYPES
In read_tree, looking for SETTYPES (2)
Reading trees: read 4 SETTYPES
Reading trees: read 2 CAR
Reading trees: read 2 DYN_CAR
In read_tree, looking for DISPLAY_HANDLER (1)
In read_tree, looking for CALENDAR (1)
In read_tree, looking for SYSTEM (1)
Reading trees: read 2 SYSTEM
In read_tree, looking for UNIX (1)
Reading trees: read 2 UNIX
Reading trees: read 2 CALENDAR
In read_tree, looking for TEXT_IO (1)
In read_tree, looking for IO_EXCEPTIONS (1)
Reading trees: read 2 IO_EXCEPTIONS
Reading trees: read 2 TEXT_IO
In read_tree, looking for INTEGER_IO (1)
Reading trees: read 13 INTEGER_IO
In read_tree, looking for INTEGER_IO (2)
Reading trees: read 4 INTEGER_IO
In read_tree, looking for DYN_CAR (1)
In read_tree, looking for CAR (1)
In read_tree, looking for ENUMERATION_IO (1)
Reading trees: read 13 ENUMERATION_IO
In read_tree, looking for ENUMERATION_IO (2)
Reading trees: read 4 ENUMERATION_IO
In read_tree, looking for SETTYPES (1)
Reading trees: read 13 SETTYPES
In read_tree, looking for SETTYPES (2)
Reading trees: read 4 SETTYPES
Reading trees: read 2 CAR
Reading trees: read 2 DYN_CAR
Reading trees: read 2 DISPLAY_HANDLER
CREATING /das1/ada/src/new/text_io/library/adaobjects/.su00057
Delft Ada- compiler (c) Delft University of Technology 1987/88
Compiling file display.ada
Using CALENDAR
Using TEXT_IO
Using DYN_CAR
Using CAR
Using CALENDAR
Using TEXT_IO
Using DYN_CAR
Using CAR
*** compiling unit DISPLAY_HANDLER (kind = package body) line = 48
Using INT_IO
ac -g auto_b.ada
In read_tree, looking for CALENDAR (1)
In read_tree, looking for SYSTEM (1)
Reading trees: read 2 SYSTEM
In read_tree, looking for UNIX (1)
Reading trees: read 2 UNIX
Reading trees: read 2 CALENDAR
In read_tree, looking for DISPLAY_HANDLER (1)
In read_tree, looking for TEXT_IO (1)
In read_tree, looking for IO_EXCEPTIONS (1)
Reading trees: read 2 IO_EXCEPTIONS
Reading trees: read 2 TEXT_IO
In read_tree, looking for INTEGER_IO (1)
Reading trees: read 13 INTEGER_IO
In read_tree, looking for INTEGER_IO (2)
Reading trees: read 4 INTEGER_IO
In read_tree, looking for DYN_CAR (1)
In read_tree, looking for CAR (1)
In read_tree, looking for ENUMERATION_IO (1)
Reading trees: read 13 ENUMERATION_IO
In read_tree, looking for ENUMERATION_IO (2)
Reading trees: read 4 ENUMERATION_IO
In read_tree, looking for SETTYPES (1)
Reading trees: read 13 SETTYPES
In read_tree, looking for SETTYPES (2)
Reading trees: read 4 SETTYPES
Reading trees: read 2 CAR
Reading trees: read 2 DYN_CAR
Reading trees: read 2 DISPLAY_HANDLER
In read_tree, looking for AUTO_CONTROL (1)
Reading trees: read 2 AUTO_CONTROL
CREATING /das1/ada/src/new/text_io/library/adaobjects/.su00147
Delft Ada- compiler (c) Delft University of Technology 1987/88
Compiling file auto_b.ada
Using CALENDAR
Using DISPLAY_HANDLER
Using CAR
Using DYN_CAR
*** compiling unit AUTO_CONTROL (kind = package body) line = 6
# compilation of gen_data.ada not necessary
ac -g garage.ada
In read_tree, looking for TEXT_IO (1)
In read_tree, looking for IO_EXCEPTIONS (1)
Reading trees: read 2 IO_EXCEPTIONS
In read_tree, looking for UNIX (1)
Reading trees: read 2 UNIX
Reading trees: read 2 TEXT_IO
In read_tree, looking for CAR (1)
In read_tree, looking for INTEGER_IO (1)
Reading trees: read 13 INTEGER_IO
In read_tree, looking for INTEGER_IO (2)
Reading trees: read 4 INTEGER_IO
In read_tree, looking for ENUMERATION_IO (1)
Reading trees: read 13 ENUMERATION_IO
In read_tree, looking for ENUMERATION_IO (2)
Reading trees: read 4 ENUMERATION_IO
In read_tree, looking for SETTYPES (1)
Reading trees: read 13 SETTYPES
In read_tree, looking for SETTYPES (2)
Reading trees: read 4 SETTYPES
Reading trees: read 2 CAR
In read_tree, looking for DATA_BASE (1)
Reading trees: read 13 DATA_BASE
In read_tree, looking for DATA_BASE (2)
Reading trees: read 4 DATA_BASE
In read_tree, looking for GARAGE (1)
In read_tree, looking for TEXT_IO (1)
In read_tree, looking for IO_EXCEPTIONS (1)
Reading trees: read 2 IO_EXCEPTIONS
In read_tree, looking for UNIX (1)
Reading trees: read 2 UNIX
Reading trees: read 2 TEXT_IO
In read_tree, looking for CAR (1)
In read_tree, looking for INTEGER_IO (1)
Reading trees: read 13 INTEGER_IO
In read_tree, looking for INTEGER_IO (2)
Reading trees: read 4 INTEGER_IO
In read_tree, looking for ENUMERATION_IO (1)
Reading trees: read 13 ENUMERATION_IO
In read_tree, looking for ENUMERATION_IO (2)
Reading trees: read 4 ENUMERATION_IO
In read_tree, looking for SETTYPES (1)
Reading trees: read 13 SETTYPES
In read_tree, looking for SETTYPES (2)
Reading trees: read 4 SETTYPES
Reading trees: read 2 CAR
In read_tree, looking for DATA_BASE (1)
Reading trees: read 13 DATA_BASE
In read_tree, looking for DATA_BASE (2)
Reading trees: read 4 DATA_BASE
Reading trees: read 2 GARAGE
in nodescr_agg with BALANCE_REC
in nodescr AUTO = discr = false
CREATING /das1/ada/src/new/text_io/library/adaobjects/.su00061
Delft Ada- compiler (c) Delft University of Technology 1987/88
Compiling file garage.ada
Using TEXT_IO
Using CAR
Using AUTO_DATA_BASE
Using TEXT_IO
Using CAR
*** compiling unit GARAGE (kind = package body) line = 29
Using AUTO_DATA_BASE
Using BALANCE_ACTIONS
Using SNUF_INSTANT
ac -g helling.ada
In read_tree, looking for AUTO_CONTROL (2)
In read_tree, looking for CALENDAR (1)
In read_tree, looking for SYSTEM (1)
Reading trees: read 2 SYSTEM
In read_tree, looking for UNIX (1)
Reading trees: read 2 UNIX
Reading trees: read 2 CALENDAR
In read_tree, looking for DISPLAY_HANDLER (1)
In read_tree, looking for TEXT_IO (1)
In read_tree, looking for IO_EXCEPTIONS (1)
Reading trees: read 2 IO_EXCEPTIONS
Reading trees: read 2 TEXT_IO
In read_tree, looking for INTEGER_IO (1)
Reading trees: read 13 INTEGER_IO
In read_tree, looking for INTEGER_IO (2)
Reading trees: read 4 INTEGER_IO
In read_tree, looking for DYN_CAR (1)
In read_tree, looking for CAR (1)
In read_tree, looking for ENUMERATION_IO (1)
Reading trees: read 13 ENUMERATION_IO
In read_tree, looking for ENUMERATION_IO (2)
Reading trees: read 4 ENUMERATION_IO
In read_tree, looking for SETTYPES (1)
Reading trees: read 13 SETTYPES
In read_tree, looking for SETTYPES (2)
Reading trees: read 4 SETTYPES
Reading trees: read 2 CAR
Reading trees: read 2 DYN_CAR
Reading trees: read 2 DISPLAY_HANDLER
In read_tree, looking for AUTO_CONTROL (1)
Reading trees: read 2 AUTO_CONTROL
Reading trees: read 4 AUTO_CONTROL
CREATING /das1/ada/src/new/text_io/library/adaobjects/.su00060
Delft Ada- compiler (c) Delft University of Technology 1987/88
Compiling file helling.ada
Using CAR
Using DYN_CAR
Using CALENDAR
Using DISPLAY_HANDLER
Adding DURATION
Adding GAS_REM_PERCENTAGE
Adding GASMIN
Adding GASMAX
Adding MAX_HELLING
Adding MIN_HELLING
Adding NEW_STAND
Adding COMP_INTVAL
Adding STAT_OBJ
Adding KRACHT
Adding GEWICHT
Adding NEW_DYN_OBJ
Adding DYN_OBJ
Adding INITIAL_DYN_OBJ
Adding SNELHEID
Adding TIJDSTIP
Adding CURR_HELLING
Adding GAS
Adding NEW_SNELHEID
Adding NEW_TIJDSTIP
Adding NEW_HELLING
Adding NEW_GAS
Adding NEW_NEG_V
Adding NEW_MAX_GAS
Adding NEW_MAX_REM
Adding NEW_CRASH
Adding C_M
Adding C_M_M
Adding C_R
Adding C_W
Adding G
Adding STOPPED
Adding UPDATED_SPEED
Adding CHECKED
Adding NEW_SPEED
Adding UPDATE_DYNAMICS
ar: creating /das1/ada/src/new/text_io/library/adaobjects/.su00060.a
ac -g keyboard.ada
In read_tree, looking for TEXT_IO (1)
In read_tree, looking for IO_EXCEPTIONS (1)
Reading trees: read 2 IO_EXCEPTIONS
In read_tree, looking for UNIX (1)
Reading trees: read 2 UNIX
Reading trees: read 2 TEXT_IO
In read_tree, looking for CAR (1)
In read_tree, looking for INTEGER_IO (1)
Reading trees: read 13 INTEGER_IO
In read_tree, looking for INTEGER_IO (2)
Reading trees: read 4 INTEGER_IO
In read_tree, looking for ENUMERATION_IO (1)
Reading trees: read 13 ENUMERATION_IO
In read_tree, looking for ENUMERATION_IO (2)
Reading trees: read 4 ENUMERATION_IO
In read_tree, looking for SETTYPES (1)
Reading trees: read 13 SETTYPES
In read_tree, looking for SETTYPES (2)
Reading trees: read 4 SETTYPES
Reading trees: read 2 CAR
In read_tree, looking for DYN_CAR (1)
In read_tree, looking for CALENDAR (1)
In read_tree, looking for SYSTEM (1)
Reading trees: read 2 SYSTEM
Reading trees: read 2 CALENDAR
Reading trees: read 2 DYN_CAR
In read_tree, looking for DISPLAY_HANDLER (1)
Reading trees: read 2 DISPLAY_HANDLER
In read_tree, looking for AUTO_CONTROL (1)
Reading trees: read 2 AUTO_CONTROL
In read_tree, looking for KEYBOARD (1)
Reading trees: read 2 KEYBOARD
CREATING /das1/ada/src/new/text_io/library/adaobjects/.su00069
Delft Ada- compiler (c) Delft University of Technology 1987/88
Compiling file keyboard.ada
Using TEXT_IO
Using CAR
Using DYN_CAR
Using DISPLAY_HANDLER
Using AUTO_CONTROL
*** compiling unit KEYBOARD (kind = package body) line = 12
ac -g main.ada
In read_tree, looking for CAR (1)
In read_tree, looking for TEXT_IO (1)
In read_tree, looking for IO_EXCEPTIONS (1)
Reading trees: read 2 IO_EXCEPTIONS
In read_tree, looking for UNIX (1)
Reading trees: read 2 UNIX
Reading trees: read 2 TEXT_IO
In read_tree, looking for INTEGER_IO (1)
Reading trees: read 13 INTEGER_IO
In read_tree, looking for INTEGER_IO (2)
Reading trees: read 4 INTEGER_IO
In read_tree, looking for ENUMERATION_IO (1)
Reading trees: read 13 ENUMERATION_IO
In read_tree, looking for ENUMERATION_IO (2)
Reading trees: read 4 ENUMERATION_IO
In read_tree, looking for SETTYPES (1)
Reading trees: read 13 SETTYPES
In read_tree, looking for SETTYPES (2)
Reading trees: read 4 SETTYPES
Reading trees: read 2 CAR
In read_tree, looking for IO_HULP (1)
Reading trees: read 2 IO_HULP
error line 61: No objects (no tag) left that can be called

error line 65: No objects (no tag) left that can be called

error line 69: No objects (no tag) left that can be called

error line 73: No objects (no tag) left that can be called

error line 117: cannot find IS_MEMBER

error line 122: cannot find IS_MEMBER

error line 127: cannot find IS_MEMBER

error line 132: cannot find IS_MEMBER

Delft Ada- compiler (c) Delft University of Technology 1987/88
Compiling file main.ada
Using CAR
Using TEXT_IO
Using IO_HULP
*** compiling unit MAIN (kind = subprogram body) line = 6
ac -g new_spee.ada
In read_tree, looking for AUTO_CONTROL (2)
In read_tree, looking for CALENDAR (1)
In read_tree, looking for SYSTEM (1)
Reading trees: read 2 SYSTEM
In read_tree, looking for UNIX (1)
Reading trees: read 2 UNIX
Reading trees: read 2 CALENDAR
In read_tree, looking for DISPLAY_HANDLER (1)
In read_tree, looking for TEXT_IO (1)
In read_tree, looking for IO_EXCEPTIONS (1)
Reading trees: read 2 IO_EXCEPTIONS
Reading trees: read 2 TEXT_IO
In read_tree, looking for INTEGER_IO (1)
Reading trees: read 13 INTEGER_IO
In read_tree, looking for INTEGER_IO (2)
Reading trees: read 4 INTEGER_IO
In read_tree, looking for DYN_CAR (1)
In read_tree, looking for CAR (1)
In read_tree, looking for ENUMERATION_IO (1)
Reading trees: read 13 ENUMERATION_IO
In read_tree, looking for ENUMERATION_IO (2)
Reading trees: read 4 ENUMERATION_IO
In read_tree, looking for SETTYPES (1)
Reading trees: read 13 SETTYPES
In read_tree, looking for SETTYPES (2)
Reading trees: read 4 SETTYPES
Reading trees: read 2 CAR
Reading trees: read 2 DYN_CAR
Reading trees: read 2 DISPLAY_HANDLER
In read_tree, looking for AUTO_CONTROL (1)
Reading trees: read 2 AUTO_CONTROL
Reading trees: read 4 AUTO_CONTROL
Delft Ada- compiler (c) Delft University of Technology 1987/88
Compiling file new_spee.ada
Using CAR
Using DYN_CAR
Using CALENDAR
Using DISPLAY_HANDLER
Adding DURATION
Adding GAS_REM_PERCENTAGE
Adding GASMIN
Adding GASMAX
Adding MAX_HELLING
Adding MIN_HELLING
Adding NEW_STAND
Adding COMP_INTVAL
Adding STAT_OBJ
Adding KRACHT
Adding GEWICHT
Adding NEW_DYN_OBJ
Adding DYN_OBJ
Adding INITIAL_DYN_OBJ
Adding SNELHEID
Adding TIJDSTIP
Adding CURR_HELLING
Adding GAS
Adding NEW_SNELHEID
Adding NEW_TIJDSTIP
Adding NEW_HELLING
Adding NEW_GAS
Adding NEW_NEG_V
Adding NEW_MAX_GAS
Adding NEW_MAX_REM
Adding NEW_CRASH
Adding C_M
Adding C_M_M
Adding C_R
Adding C_W
Adding G
Adding STOPPED
Adding UPDATED_SPEED
Adding CHECKED
Adding NEW_SPEED
ac -g put_spee.ada
In read_tree, looking for DISPLAY_HANDLER (2)
In read_tree, looking for DISPLAY_HANDLER (1)
In read_tree, looking for CALENDAR (1)
In read_tree, looking for SYSTEM (1)
Reading trees: read 2 SYSTEM
In read_tree, looking for UNIX (1)
Reading trees: read 2 UNIX
Reading trees: read 2 CALENDAR
In read_tree, looking for TEXT_IO (1)
In read_tree, looking for IO_EXCEPTIONS (1)
Reading trees: read 2 IO_EXCEPTIONS
Reading trees: read 2 TEXT_IO
In read_tree, looking for INTEGER_IO (1)
Reading trees: read 13 INTEGER_IO
In read_tree, looking for INTEGER_IO (2)
Reading trees: read 4 INTEGER_IO
In read_tree, looking for DYN_CAR (1)
In read_tree, looking for CAR (1)
In read_tree, looking for ENUMERATION_IO (1)
Reading trees: read 13 ENUMERATION_IO
In read_tree, looking for ENUMERATION_IO (2)
Reading trees: read 4 ENUMERATION_IO
In read_tree, looking for SETTYPES (1)
Reading trees: read 13 SETTYPES
In read_tree, looking for SETTYPES (2)
Reading trees: read 4 SETTYPES
Reading trees: read 2 CAR
Reading trees: read 2 DYN_CAR
Reading trees: read 2 DISPLAY_HANDLER
Reading trees: read 4 DISPLAY_HANDLER
CREATING /das1/ada/src/new/text_io/library/adaobjects/.su00024
Delft Ada- compiler (c) Delft University of Technology 1987/88
Compiling file put_spee.ada
Using CALENDAR
Using TEXT_IO
Using DYN_CAR
Using CAR
Adding ESC_CHAR
Adding INT_IO
Adding $baaaa24
Adding ROW
Adding $caaaa24
Adding COL
Adding OLD_DYN
Adding JAAR
Adding MAAND
Adding DAG
Adding DUUR
Adding MOVE_RC
Adding MK_VIS
Adding MK_INVIS
Adding PUT_BAR
ar: creating /das1/ada/src/new/text_io/library/adaobjects/.su00024.a
ac -g reset_dy.ada
In read_tree, looking for AUTO_CONTROL (2)
In read_tree, looking for CALENDAR (1)
In read_tree, looking for SYSTEM (1)
Reading trees: read 2 SYSTEM
In read_tree, looking for UNIX (1)
Reading trees: read 2 UNIX
Reading trees: read 2 CALENDAR
In read_tree, looking for DISPLAY_HANDLER (1)
In read_tree, looking for TEXT_IO (1)
In read_tree, looking for IO_EXCEPTIONS (1)
Reading trees: read 2 IO_EXCEPTIONS
Reading trees: read 2 TEXT_IO
In read_tree, looking for INTEGER_IO (1)
Reading trees: read 13 INTEGER_IO
In read_tree, looking for INTEGER_IO (2)
Reading trees: read 4 INTEGER_IO
In read_tree, looking for DYN_CAR (1)
In read_tree, looking for CAR (1)
In read_tree, looking for ENUMERATION_IO (1)
Reading trees: read 13 ENUMERATION_IO
In read_tree, looking for ENUMERATION_IO (2)
Reading trees: read 4 ENUMERATION_IO
In read_tree, looking for SETTYPES (1)
Reading trees: read 13 SETTYPES
In read_tree, looking for SETTYPES (2)
Reading trees: read 4 SETTYPES
Reading trees: read 2 CAR
Reading trees: read 2 DYN_CAR
Reading trees: read 2 DISPLAY_HANDLER
In read_tree, looking for AUTO_CONTROL (1)
Reading trees: read 2 AUTO_CONTROL
Reading trees: read 4 AUTO_CONTROL
Delft Ada- compiler (c) Delft University of Technology 1987/88
Compiling file reset_dy.ada
Using CAR
Using DYN_CAR
Using CALENDAR
Using DISPLAY_HANDLER
Adding DURATION
Adding GAS_REM_PERCENTAGE
Adding GASMIN
Adding GASMAX
Adding MAX_HELLING
Adding MIN_HELLING
Adding NEW_STAND
Adding COMP_INTVAL
Adding STAT_OBJ
Adding KRACHT
Adding GEWICHT
Adding NEW_DYN_OBJ
Adding DYN_OBJ
Adding INITIAL_DYN_OBJ
Adding SNELHEID
Adding TIJDSTIP
Adding CURR_HELLING
Adding GAS
Adding NEW_SNELHEID
Adding NEW_TIJDSTIP
Adding NEW_HELLING
Adding NEW_GAS
Adding NEW_NEG_V
Adding NEW_MAX_GAS
Adding NEW_MAX_REM
Adding NEW_CRASH
Adding C_M
Adding C_M_M
Adding C_R
Adding C_W
Adding G
Adding STOPPED
Adding UPDATED_SPEED
Adding CHECKED
Adding NEW_SPEED
Adding UPDATE_DYNAMICS
ac -g upd_dyn.ada
In read_tree, looking for AUTO_CONTROL (2)
In read_tree, looking for CALENDAR (1)
In read_tree, looking for SYSTEM (1)
Reading trees: read 2 SYSTEM
In read_tree, looking for UNIX (1)
Reading trees: read 2 UNIX
Reading trees: read 2 CALENDAR
In read_tree, looking for DISPLAY_HANDLER (1)
In read_tree, looking for TEXT_IO (1)
In read_tree, looking for IO_EXCEPTIONS (1)
Reading trees: read 2 IO_EXCEPTIONS
Reading trees: read 2 TEXT_IO
In read_tree, looking for INTEGER_IO (1)
Reading trees: read 13 INTEGER_IO
In read_tree, looking for INTEGER_IO (2)
Reading trees: read 4 INTEGER_IO
In read_tree, looking for DYN_CAR (1)
In read_tree, looking for CAR (1)
In read_tree, looking for ENUMERATION_IO (1)
Reading trees: read 13 ENUMERATION_IO
In read_tree, looking for ENUMERATION_IO (2)
Reading trees: read 4 ENUMERATION_IO
In read_tree, looking for SETTYPES (1)
Reading trees: read 13 SETTYPES
In read_tree, looking for SETTYPES (2)
Reading trees: read 4 SETTYPES
Reading trees: read 2 CAR
Reading trees: read 2 DYN_CAR
Reading trees: read 2 DISPLAY_HANDLER
In read_tree, looking for AUTO_CONTROL (1)
Reading trees: read 2 AUTO_CONTROL
Reading trees: read 4 AUTO_CONTROL
Delft Ada- compiler (c) Delft University of Technology 1987/88
Compiling file upd_dyn.ada
Using CAR
Using DYN_CAR
Using CALENDAR
Using DISPLAY_HANDLER
Adding DURATION
Adding GAS_REM_PERCENTAGE
Adding GASMIN
Adding GASMAX
Adding MAX_HELLING
Adding MIN_HELLING
Adding NEW_STAND
Adding COMP_INTVAL
Adding STAT_OBJ
Adding KRACHT
Adding GEWICHT
Adding NEW_DYN_OBJ
Adding DYN_OBJ
Adding INITIAL_DYN_OBJ
Adding SNELHEID
Adding TIJDSTIP
Adding CURR_HELLING
Adding GAS
Adding NEW_SNELHEID
Adding NEW_TIJDSTIP
Adding NEW_HELLING
Adding NEW_GAS
Adding NEW_NEG_V
Adding NEW_MAX_GAS
Adding NEW_MAX_REM
Adding NEW_CRASH
Adding C_M
Adding C_M_M
Adding C_R
Adding C_W
Adding G
Adding STOPPED
Adding UPDATED_SPEED
Adding CHECKED
Adding NEW_SPEED
Adding UPDATE_DYNAMICS
