ac -c -g settypes.ada
CREATING /das1/ada/src/new/text_io/library/adaobjects/.su00061
Delft Ada- compiler (c) Delft University of Technology 1987/88
Compiling file settypes.ada
*** compiling unit   (kind = generic compilation unit) line = 2
*** compiling unit SETTYPES (kind = generic package) line = 4
*** compiling unit SETTYPES (kind = package body) line = 24
ac -c -g io_hulp.ada
Get_Coper: = BOOLEAN 
Get_Coper: = BOOLEAN 
Get_Coper: = BOOLEAN 
CREATING /das1/ada/src/new/text_io/library/adaobjects/.su00067
Delft Ada- compiler (c) Delft University of Technology 1987/88
Compiling file io_hulp.ada
*** compiling unit IO_HULP (kind = package body) line = 7
ac -c -g car.ada
Get_Coper: = BOOLEAN 
Get_Coper: = BOOLEAN 
/bin/as, file /das1/ada/src/new/text_io/librar, line 90: Invalid term
	.def *.2
	     ^
/bin/as, file /das1/ada/src/new/text_io/librar, line 90: warning: Invalid operand
/bin/as, file /das1/ada/src/new/text_io/librar, line 131: Invalid term
	.def +.3
	     ^
/bin/as, file /das1/ada/src/new/text_io/librar, line 131: warning: Invalid operand
/bin/as, file /das1/ada/src/new/text_io/librar, line 172: Invalid term
	.def +.4
	     ^
/bin/as, file /das1/ada/src/new/text_io/librar, line 172: warning: Invalid operand
/bin/as, file /das1/ada/src/new/text_io/librar, line 216: Invalid term
	.def +.5
	     ^
/bin/as, file /das1/ada/src/new/text_io/librar, line 216: warning: Invalid operand
/bin/as, file /das1/ada/src/new/text_io/librar, line 425: Invalid term
	.def <.9
	     ^
/bin/as, file /das1/ada/src/new/text_io/librar, line 425: warning: Invalid operand
Get_Coper: < BOOLEAN 
Get_Coper: < BOOLEAN 
CREATING /das1/ada/src/new/text_io/library/adaobjects/.su00092
Delft Ada- compiler (c) Delft University of Technology 1987/88
Compiling file car.ada
*** compiling unit CAR (kind = package body) line = 120
ac -c -g main.ada
CREATING /das1/ada/src/new/text_io/library/adaobjects/.su00096
Delft Ada- compiler (c) Delft University of Technology 1987/88
Compiling file main.ada
*** compiling unit MAIN (kind = subprogram body) line = 6
