# compilation of ../text_io/system.ada not necessary
# compilation of ../text_io/c_lib.ada not necessary
# compilation of ../text_io/unix.ada not necessary
# compilation of ../text_io/calendar.ada not necessary
# compilation of ../text_io/io_except.ada not necessary
# compilation of ../text_io/text_io.ada not necessary
# compilation of ../text_io/enumerat.ada not necessary
# compilation of ../text_io/integer_io.ada not necessary
# compilation of settypes.ada not necessary
# compilation of io_hulp.ada not necessary
# compilation of car.ada not necessary
# compilation of dyn_car.ada not necessary
# compilation of auto.ada not necessary
# compilation of display.ada not necessary
# compilation of auto_b.ada not necessary
# compilation of gen_data.ada not necessary
# compilation of garage.ada not necessary
ac  -g helling.ada
error line 2: cannot find HELLING_PERCENTAGE

error line 17: No objects (PUT_SPEED) left on which indexing may be applied
syntax error in line 24: inserted `;'
Delft Ada- compiler (c) Delft University of Technology 1987/88
Compiling file helling.ada
Using CAR
Using DYN_CAR
Using CALENDAR
Using DISPLAY_HANDLER
Adding DURATION
Adding GAS_REM_PERCENTAGE
Adding GASMIN
Adding GASMAX
Adding MAX_HELLING
Adding MIN_HELLING
Adding NEW_STAND
Adding COMP_INTVAL
Adding STAT_OBJ
Adding KRACHT
Adding GEWICHT
Adding NEW_DYN_OBJ
Adding DYN_OBJ
Adding INITIAL_DYN_OBJ
Adding SNELHEID
Adding TIJDSTIP
Adding CURR_HELLING
Adding GAS
Adding NEW_SNELHEID
Adding NEW_TIJDSTIP
Adding NEW_HELLING
Adding NEW_GAS
Adding NEW_NEG_V
Adding NEW_MAX_GAS
Adding NEW_MAX_REM
Adding NEW_CRASH
Adding C_M
Adding C_M_M
Adding C_R
Adding C_W
Adding G
Adding STOPPED
Adding UPDATED_SPEED
Adding CHECKED
Adding NEW_SPEED
Adding UPDATE_DYNAMICS
# compilation of keyboard.ada not necessary
ac  -g main.ada
error line 61: No objects (AUTO) left on which indexing may be applied
error line 65: No objects (AUTO) left on which indexing may be applied
error line 69: No objects (AUTO) left on which indexing may be applied
error line 73: No objects (AUTO) left on which indexing may be applied
error line 106: type error in expression
error line 110: type error in expression
error line 117: No objects (AUTO) left on which indexing may be applied
error line 122: No objects (AUTO) left on which indexing may be applied
error line 127: No objects (AUTO) left on which indexing may be applied
error line 132: No objects (AUTO) left on which indexing may be applied
error line 139: No objects (no tag) left that can be called

error line 151: type error in expression
Delft Ada- compiler (c) Delft University of Technology 1987/88
Compiling file main.ada
Using CAR
Using TEXT_IO
Using IO_HULP
*** compiling unit MAIN (kind = subprogram body) line = 6
Using CAR
Using TEXT_IO
Using IO_HULP
ac  -g new_spee.ada
error line 7: No objects (no tag) left that can be called

error line 10: cannot find CUR_HELLING

error line 13: cannot find CUR_HELLING

error line 16: No objects (no tag) left that can be called

error line 18: cannot find CUR_HELLING

error line 21: cannot find CUR_HELLING

error line 24: No objects (no tag) left that can be called

error line 25: No objects (no tag) left that can be called

error line 27: cannot find ELSEIF

syntax error in line 28: replaced `a relational operator a real or floating literal and' with `;'
Delft Ada- compiler (c) Delft University of Technology 1987/88
Compiling file new_spee.ada
Using CAR
Using DYN_CAR
Using CALENDAR
Using DISPLAY_HANDLER
Adding DURATION
Adding GAS_REM_PERCENTAGE
Adding GASMIN
Adding GASMAX
Adding MAX_HELLING
Adding MIN_HELLING
Adding NEW_STAND
Adding COMP_INTVAL
Adding STAT_OBJ
Adding KRACHT
Adding GEWICHT
Adding NEW_DYN_OBJ
Adding DYN_OBJ
Adding INITIAL_DYN_OBJ
Adding SNELHEID
Adding TIJDSTIP
Adding CURR_HELLING
Adding GAS
Adding NEW_SNELHEID
Adding NEW_TIJDSTIP
Adding NEW_HELLING
Adding NEW_GAS
Adding NEW_NEG_V
Adding NEW_MAX_GAS
Adding NEW_MAX_REM
Adding NEW_CRASH
Adding C_M
Adding C_M_M
Adding C_R
Adding C_W
Adding G
Adding STOPPED
Adding UPDATED_SPEED
Adding CHECKED
Adding NEW_SPEED
ac  -g put_spee.ada
error line 3: No objects (no tag) left that can be called

error line 5: cannot find SPED

error line 8: No objects (no tag) left that can be called

error line 9: Incompatible left/right hand sides in assign
error line 11: No objects (no tag) left that can be called

error line 12: Incompatible left/right hand sides in assign
error line 15: No objects (INTEGER) left on which indexing may be applied
Delft Ada- compiler (c) Delft University of Technology 1987/88
Compiling file put_spee.ada
Using CALENDAR
Using TEXT_IO
Using DYN_CAR
Using CAR
Adding ESC_CHAR
Adding INT_IO
Adding $baaaa64
Adding ROW
Adding $caaaa64
Adding COL
Adding OLD_DYN
Adding JAAR
Adding MAAND
Adding DAG
Adding DUUR
Adding MOVE_RC
Adding MK_VIS
Adding MK_INVIS
Adding PUT_BAR
ac  -g reset_dy.ada
syntax error in line 11: inserted `)'
Delft Ada- compiler (c) Delft University of Technology 1987/88
Compiling file reset_dy.ada
Using CAR
Using DYN_CAR
Using CALENDAR
Using DISPLAY_HANDLER
Adding DURATION
Adding GAS_REM_PERCENTAGE
Adding GASMIN
Adding GASMAX
Adding MAX_HELLING
Adding MIN_HELLING
Adding NEW_STAND
Adding COMP_INTVAL
Adding STAT_OBJ
Adding KRACHT
Adding GEWICHT
Adding NEW_DYN_OBJ
Adding DYN_OBJ
Adding INITIAL_DYN_OBJ
Adding SNELHEID
Adding TIJDSTIP
Adding CURR_HELLING
Adding GAS
Adding NEW_SNELHEID
Adding NEW_TIJDSTIP
Adding NEW_HELLING
Adding NEW_GAS
Adding NEW_NEG_V
Adding NEW_MAX_GAS
Adding NEW_MAX_REM
Adding NEW_CRASH
Adding C_M
Adding C_M_M
Adding C_R
Adding C_W
Adding G
Adding STOPPED
Adding UPDATED_SPEED
Adding CHECKED
Adding NEW_SPEED
Adding UPDATE_DYNAMICS
ac  -g upd_dyn.ada
error line 6: cannot find DYN_ONB

error line 9: Incompatible left/right hand sides in assign
Delft Ada- compiler (c) Delft University of Technology 1987/88
Compiling file upd_dyn.ada
Using CAR
Using DYN_CAR
Using CALENDAR
Using DISPLAY_HANDLER
Adding DURATION
Adding GAS_REM_PERCENTAGE
Adding GASMIN
Adding GASMAX
Adding MAX_HELLING
Adding MIN_HELLING
Adding NEW_STAND
Adding COMP_INTVAL
Adding STAT_OBJ
Adding KRACHT
Adding GEWICHT
Adding NEW_DYN_OBJ
Adding DYN_OBJ
Adding INITIAL_DYN_OBJ
Adding SNELHEID
Adding TIJDSTIP
Adding CURR_HELLING
Adding GAS
Adding NEW_SNELHEID
Adding NEW_TIJDSTIP
Adding NEW_HELLING
Adding NEW_GAS
Adding NEW_NEG_V
Adding NEW_MAX_GAS
Adding NEW_MAX_REM
Adding NEW_CRASH
Adding C_M
Adding C_M_M
Adding C_R
Adding C_W
Adding G
Adding STOPPED
Adding UPDATED_SPEED
Adding CHECKED
Adding NEW_SPEED
Adding UPDATE_DYNAMICS
